<?xml version="1.0" encoding="UTF-8" ?>
<testsuite tests="4" failures="0" name="RouteCalculatorTest" time="0.049" errors="0" skipped="0">
  <properties>
[...]
</properties>
  <testcase classname="RouteCalculatorTest" name="testGetRouteWithOneConnection" time="0.039"/>
  <testcase classname="RouteCalculatorTest" name="testCalculateDuration" time="0.001"/>
  <testcase classname="RouteCalculatorTest" name="testGtRouteWithTwoConnections" time="0.005"/>
  <testcase classname="RouteCalculatorTest" name="testGetRouteViaConnectedLine" time="0.004"/>
</testsuite>